     1                                           ;代码清单7-1
     2                                           ;文件名：c07_mbr.asm
     3                                           ;文件说明：硬盘主引导扇区代码
     4                                           ;
     5                                           
     6 00000000 E90E00                           jmp near start
     7                                  	
     8 00000003 312B322B332B2E2E2E-      message db '1+2+3+...+100='
     9 0000000C 2B3130303D         
    10                                          
    11                                   start:
    12 00000011 B8C007                           mov ax,0x7c0           ;设置数据段的段基地址 
    13 00000014 8ED8                             mov ds,ax
    14                                  
    15 00000016 B800B8                           mov ax,0xb800          ;设置附加段基址到显示缓冲区
    16 00000019 8EC0                             mov es,ax
    17                                  
    18                                           ;以下显示字符串 
    19 0000001B BE[0300]                         mov si,message          
    20 0000001E BF0000                           mov di,0
    21 00000021 B90E00                           mov cx,start-message
    22                                       @g:
    23 00000024 8A04                             mov al,[si]
    24 00000026 268805                           mov [es:di],al
    25 00000029 47                               inc di
    26 0000002A 26C60507                         mov byte [es:di],0x07
    27 0000002E 47                               inc di
    28 0000002F 46                               inc si
    29 00000030 E2F2                             loop @g
    30                                  
    31                                           ;以下计算1到100的和 
    32 00000032 31C0                             xor ax,ax
    33 00000034 B90100                           mov cx,1
    34                                       @f:
    35 00000037 01C8                             add ax,cx
    36 00000039 41                               inc cx
    37 0000003A 81F96400                         cmp cx,100
    38 0000003E 7EF7                             jle @f
    39                                  
    40                                           ;以下计算累加和的每个数位 
    41 00000040 31C9                             xor cx,cx              ;设置堆栈段的段基地址
    42 00000042 8ED1                             mov ss,cx
    43 00000044 89CC                             mov sp,cx
    44                                  
    45 00000046 BB0A00                           mov bx,10
    46 00000049 31C9                             xor cx,cx
    47                                       @d:
    48 0000004B 41                               inc cx
    49 0000004C 31D2                             xor dx,dx
    50 0000004E F7F3                             div bx
    51 00000050 80CA30                           or dl,0x30     ;实际上应该是add指令，但是这可以是or指令，因为dl高四位为0,0x30低四位位0
    52 00000053 52                               push dx
    53 00000054 3D0000                           cmp ax,0
    54 00000057 75F2                             jne @d
    55                                  
    56                                           ;以下显示各个数位 
    57                                       @a:
    58 00000059 5A                               pop dx
    59 0000005A 268815                           mov [es:di],dl
    60 0000005D 47                               inc di
    61 0000005E 26C60507                         mov byte [es:di],0x07              ;显示字符的颜色属性
    62 00000062 47                               inc di
    63 00000063 E2F4                             loop @a
    64                                         
    65 00000065 E9FDFF                           jmp near $ 
    66                                         
    67                                  
    68 00000068 00<rept>                times 510-($-$$) db 0
    69 000001FE 55AA                                     db 0x55,0xaa
