This file contains any messages produced by compilers while
running configure, to aid debugging if configure makes a mistake.

It was created by easycwmpd configure 1.8.6, which was
generated by GNU Autoconf 2.69.  Invocation command line was

  $ ./configure 

## --------- ##
## Platform. ##
## --------- ##

hostname = localhost.localdomain
uname -m = x86_64
uname -r = 3.10.0-693.el7.x86_64
uname -s = Linux
uname -v = #1 SMP Tue Aug 22 21:09:27 UTC 2017

/usr/bin/uname -p = x86_64
/bin/uname -X     = unknown

/bin/arch              = x86_64
/usr/bin/arch -k       = unknown
/usr/convex/getsysinfo = unknown
/usr/bin/hostinfo      = unknown
/bin/machine           = unknown
/usr/bin/oslevel       = unknown
/bin/universe          = unknown

PATH: /root/perl5/bin
PATH: /usr/lib64/qt-3.3/bin
PATH: /home/rongtao/perl5/bin
PATH: /usr/lib64/mpich/bin
PATH: /usr/local/bin
PATH: /usr/bin
PATH: /usr/local/sbin
PATH: /usr/sbin
PATH: /usr/local/cmake-3.13.0-Linux-x86_64/bin
PATH: /usr/local/node-v10.15.3-linux-x64/bin/
PATH: /usr/local/cwp_su_all_44R14/bin
PATH: /usr/local/cwp_su_all_44R14/bin
PATH: /opt/qtcreator-2.5.0/bin
PATH: /home/rongtao/.local/bin
PATH: /home/rongtao/bin
PATH: /usr/local/cmake-3.13.0-Linux-x86_64/bin
PATH: /work/wangcheng/Zookeeper/apache-zookeeper-3.5.5-bin/bin


## ----------- ##
## Core tests. ##
## ----------- ##

configure:2195: checking for a BSD-compatible install
configure:2263: result: /usr/bin/install -c
configure:2274: checking whether build environment is sane
configure:2329: result: yes
configure:2480: checking for a thread-safe mkdir -p
configure:2519: result: /usr/bin/mkdir -p
configure:2526: checking for gawk
configure:2542: found /usr/bin/gawk
configure:2553: result: gawk
configure:2564: checking whether make sets $(MAKE)
configure:2586: result: yes
configure:2615: checking whether make supports nested variables
configure:2632: result: yes
configure:2880: checking for gcc
configure:2896: found /usr/bin/gcc
configure:2907: result: gcc
configure:3136: checking for C compiler version
configure:3145: gcc --version >&5
gcc (GCC) 4.8.5 20150623 (Red Hat 4.8.5-36)
Copyright (C) 2015 Free Software Foundation, Inc.
This is free software; see the source for copying conditions.  There is NO
warranty; not even for MERCHANTABILITY or FITNESS FOR A PARTICULAR PURPOSE.

configure:3156: $? = 0
configure:3145: gcc -v >&5
Using built-in specs.
COLLECT_GCC=gcc
COLLECT_LTO_WRAPPER=/usr/libexec/gcc/x86_64-redhat-linux/4.8.5/lto-wrapper
Target: x86_64-redhat-linux
Configured with: ../configure --prefix=/usr --mandir=/usr/share/man --infodir=/usr/share/info --with-bugurl=http://bugzilla.redhat.com/bugzilla --enable-bootstrap --enable-shared --enable-threads=posix --enable-checking=release --with-system-zlib --enable-__cxa_atexit --disable-libunwind-exceptions --enable-gnu-unique-object --enable-linker-build-id --with-linker-hash-style=gnu --enable-languages=c,c++,objc,obj-c++,java,fortran,ada,go,lto --enable-plugin --enable-initfini-array --disable-libgcj --with-isl=/builddir/build/BUILD/gcc-4.8.5-20150702/obj-x86_64-redhat-linux/isl-install --with-cloog=/builddir/build/BUILD/gcc-4.8.5-20150702/obj-x86_64-redhat-linux/cloog-install --enable-gnu-indirect-function --with-tune=generic --with-arch_32=x86-64 --build=x86_64-redhat-linux
Thread model: posix
gcc version 4.8.5 20150623 (Red Hat 4.8.5-36) (GCC) 
configure:3156: $? = 0
configure:3145: gcc -V >&5
gcc: error: unrecognized command line option '-V'
gcc: fatal error: no input files
compilation terminated.
configure:3156: $? = 4
configure:3145: gcc -qversion >&5
gcc: error: unrecognized command line option '-qversion'
gcc: fatal error: no input files
compilation terminated.
configure:3156: $? = 4
configure:3176: checking whether the C compiler works
configure:3198: gcc    conftest.c  >&5
configure:3202: $? = 0
configure:3250: result: yes
configure:3253: checking for C compiler default output file name
configure:3255: result: a.out
configure:3261: checking for suffix of executables
configure:3268: gcc -o conftest    conftest.c  >&5
configure:3272: $? = 0
configure:3294: result: 
configure:3316: checking whether we are cross compiling
configure:3324: gcc -o conftest    conftest.c  >&5
configure:3328: $? = 0
configure:3335: ./conftest
configure:3339: $? = 0
configure:3354: result: no
configure:3359: checking for suffix of object files
configure:3381: gcc -c   conftest.c >&5
configure:3385: $? = 0
configure:3406: result: o
configure:3410: checking whether we are using the GNU C compiler
configure:3429: gcc -c   conftest.c >&5
configure:3429: $? = 0
configure:3438: result: yes
configure:3447: checking whether gcc accepts -g
configure:3467: gcc -c -g  conftest.c >&5
configure:3467: $? = 0
configure:3508: result: yes
configure:3525: checking for gcc option to accept ISO C89
configure:3588: gcc  -c -g -O2  conftest.c >&5
configure:3588: $? = 0
configure:3601: result: none needed
configure:3632: checking for style of include used by make
configure:3660: result: GNU
configure:3686: checking dependency style of gcc
configure:3797: result: gcc3
configure:3814: checking dependency style of gcc
configure:3925: result: gcc3
configure:3941: checking whether gcc and cc understand -c and -o together
configure:3972: gcc -c conftest.c -o conftest2.o >&5
configure:3976: $? = 0
configure:3982: gcc -c conftest.c -o conftest2.o >&5
configure:3986: $? = 0
configure:3997: cc -c conftest.c >&5
configure:4001: $? = 0
configure:4009: cc -c conftest.c -o conftest2.o >&5
configure:4013: $? = 0
configure:4019: cc -c conftest.c -o conftest2.o >&5
configure:4023: $? = 0
configure:4041: result: yes
configure:4180: checking for pkg-config
configure:4198: found /usr/bin/pkg-config
configure:4210: result: /usr/bin/pkg-config
configure:4235: checking pkg-config is at least version 0.9.0
configure:4238: result: yes
configure:4248: checking for LIBCURL
configure:4255: $PKG_CONFIG --exists --print-errors "libcurl"
configure:4258: $? = 0
configure:4272: $PKG_CONFIG --exists --print-errors "libcurl"
configure:4275: $? = 0
configure:4333: result: yes
configure:4344: checking for MICROXML
configure:4429: result: yes
configure:4446: checking how to run the C preprocessor
configure:4477: gcc -E  conftest.c
configure:4477: $? = 0
configure:4491: gcc -E  conftest.c
conftest.c:13:28: fatal error: ac_nonexistent.h: No such file or directory
 #include <ac_nonexistent.h>
                            ^
compilation terminated.
configure:4491: $? = 1
configure: failed program was:
| /* confdefs.h */
| #define PACKAGE_NAME "easycwmpd"
| #define PACKAGE_TARNAME "easycwmpd"
| #define PACKAGE_VERSION "1.8.6"
| #define PACKAGE_STRING "easycwmpd 1.8.6"
| #define PACKAGE_BUGREPORT "mohamed.kallel@pivasoftware.com"
| #define PACKAGE_URL ""
| #define PACKAGE "easycwmpd"
| #define VERSION "1.8.6"
| #define PACKAGE "easycwmpd"
| #define VERSION "1.8.6"
| /* end confdefs.h.  */
| #include <ac_nonexistent.h>
configure:4516: result: gcc -E
configure:4536: gcc -E  conftest.c
configure:4536: $? = 0
configure:4550: gcc -E  conftest.c
conftest.c:13:28: fatal error: ac_nonexistent.h: No such file or directory
 #include <ac_nonexistent.h>
                            ^
compilation terminated.
configure:4550: $? = 1
configure: failed program was:
| /* confdefs.h */
| #define PACKAGE_NAME "easycwmpd"
| #define PACKAGE_TARNAME "easycwmpd"
| #define PACKAGE_VERSION "1.8.6"
| #define PACKAGE_STRING "easycwmpd 1.8.6"
| #define PACKAGE_BUGREPORT "mohamed.kallel@pivasoftware.com"
| #define PACKAGE_URL ""
| #define PACKAGE "easycwmpd"
| #define VERSION "1.8.6"
| #define PACKAGE "easycwmpd"
| #define VERSION "1.8.6"
| /* end confdefs.h.  */
| #include <ac_nonexistent.h>
configure:4579: checking for grep that handles long lines and -e
configure:4637: result: /usr/bin/grep
configure:4642: checking for egrep
configure:4704: result: /usr/bin/grep -E
configure:4709: checking for ANSI C header files
configure:4729: gcc -c -g -O2  conftest.c >&5
configure:4729: $? = 0
configure:4802: gcc -o conftest -g -O2   conftest.c  >&5
configure:4802: $? = 0
configure:4802: ./conftest
configure:4802: $? = 0
configure:4813: result: yes
configure:4826: checking for sys/types.h
configure:4826: gcc -c -g -O2  conftest.c >&5
configure:4826: $? = 0
configure:4826: result: yes
configure:4826: checking for sys/stat.h
configure:4826: gcc -c -g -O2  conftest.c >&5
configure:4826: $? = 0
configure:4826: result: yes
configure:4826: checking for stdlib.h
configure:4826: gcc -c -g -O2  conftest.c >&5
configure:4826: $? = 0
configure:4826: result: yes
configure:4826: checking for string.h
configure:4826: gcc -c -g -O2  conftest.c >&5
configure:4826: $? = 0
configure:4826: result: yes
configure:4826: checking for memory.h
configure:4826: gcc -c -g -O2  conftest.c >&5
configure:4826: $? = 0
configure:4826: result: yes
configure:4826: checking for strings.h
configure:4826: gcc -c -g -O2  conftest.c >&5
configure:4826: $? = 0
configure:4826: result: yes
configure:4826: checking for inttypes.h
configure:4826: gcc -c -g -O2  conftest.c >&5
configure:4826: $? = 0
configure:4826: result: yes
configure:4826: checking for stdint.h
configure:4826: gcc -c -g -O2  conftest.c >&5
configure:4826: $? = 0
configure:4826: result: yes
configure:4826: checking for unistd.h
configure:4826: gcc -c -g -O2  conftest.c >&5
configure:4826: $? = 0
configure:4826: result: yes
configure:4841: checking for stdlib.h
configure:4841: result: yes
configure:4841: checking for string.h
configure:4841: result: yes
configure:4853: checking for uint8_t
configure:4853: gcc -c -g -O2  conftest.c >&5
configure:4853: $? = 0
configure:4853: result: yes
configure:4984: checking that generated files are newer than configure
configure:4990: result: done
configure:5025: creating ./config.status

## ---------------------- ##
## Running config.status. ##
## ---------------------- ##

This file was extended by easycwmpd config.status 1.8.6, which was
generated by GNU Autoconf 2.69.  Invocation command line was

  CONFIG_FILES    = 
  CONFIG_HEADERS  = 
  CONFIG_LINKS    = 
  CONFIG_COMMANDS = 
  $ ./config.status 

on localhost.localdomain

config.status:876: creating Makefile
config.status:876: creating bin/Makefile
config.status:862: error: cannot find input file: `config.h.in'

## ---------------- ##
## Cache variables. ##
## ---------------- ##

ac_cv_c_compiler_gnu=yes
ac_cv_c_uint8_t=yes
ac_cv_env_CC_set=
ac_cv_env_CC_value=
ac_cv_env_CFLAGS_set=
ac_cv_env_CFLAGS_value=
ac_cv_env_CPPFLAGS_set=
ac_cv_env_CPPFLAGS_value=
ac_cv_env_CPP_set=
ac_cv_env_CPP_value=
ac_cv_env_LDFLAGS_set=
ac_cv_env_LDFLAGS_value=
ac_cv_env_LIBCURL_CFLAGS_set=
ac_cv_env_LIBCURL_CFLAGS_value=
ac_cv_env_LIBCURL_LIBS_set=
ac_cv_env_LIBCURL_LIBS_value=
ac_cv_env_LIBS_set=
ac_cv_env_LIBS_value=
ac_cv_env_MICROXML_CFLAGS_set=set
ac_cv_env_MICROXML_CFLAGS_value=/usr/include/
ac_cv_env_MICROXML_LIBS_set=set
ac_cv_env_MICROXML_LIBS_value=/usr/lib64
ac_cv_env_PKG_CONFIG_LIBDIR_set=
ac_cv_env_PKG_CONFIG_LIBDIR_value=
ac_cv_env_PKG_CONFIG_PATH_set=set
ac_cv_env_PKG_CONFIG_PATH_value=/usr/lib64/mpich/lib/pkgconfig
ac_cv_env_PKG_CONFIG_set=
ac_cv_env_PKG_CONFIG_value=
ac_cv_env_build_alias_set=
ac_cv_env_build_alias_value=
ac_cv_env_host_alias_set=
ac_cv_env_host_alias_value=
ac_cv_env_target_alias_set=
ac_cv_env_target_alias_value=
ac_cv_header_inttypes_h=yes
ac_cv_header_memory_h=yes
ac_cv_header_stdc=yes
ac_cv_header_stdint_h=yes
ac_cv_header_stdlib_h=yes
ac_cv_header_string_h=yes
ac_cv_header_strings_h=yes
ac_cv_header_sys_stat_h=yes
ac_cv_header_sys_types_h=yes
ac_cv_header_unistd_h=yes
ac_cv_objext=o
ac_cv_path_EGREP='/usr/bin/grep -E'
ac_cv_path_GREP=/usr/bin/grep
ac_cv_path_ac_pt_PKG_CONFIG=/usr/bin/pkg-config
ac_cv_path_install='/usr/bin/install -c'
ac_cv_path_mkdir=/usr/bin/mkdir
ac_cv_prog_AWK=gawk
ac_cv_prog_CPP='gcc -E'
ac_cv_prog_ac_ct_CC=gcc
ac_cv_prog_cc_c89=
ac_cv_prog_cc_g=yes
ac_cv_prog_cc_gcc_c_o=yes
ac_cv_prog_make_make_set=yes
am_cv_CC_dependencies_compiler_type=gcc3
am_cv_make_support_nested_variables=yes
pkg_cv_LIBCURL_CFLAGS=' '
pkg_cv_LIBCURL_LIBS='-lcurl  '
pkg_cv_MICROXML_CFLAGS=/usr/include/
pkg_cv_MICROXML_LIBS=/usr/lib64

## ----------------- ##
## Output variables. ##
## ----------------- ##

ACLOCAL='${SHELL} /work/workspace/test/5G/TR069/easycwmp/easycwmp-1.8.6/missing aclocal-1.13'
AMDEPBACKSLASH='\'
AMDEP_FALSE='#'
AMDEP_TRUE=''
AMTAR='$${TAR-tar}'
AM_BACKSLASH='\'
AM_DEFAULT_V='$(AM_DEFAULT_VERBOSITY)'
AM_DEFAULT_VERBOSITY='1'
AM_V='$(V)'
AUTOCONF='${SHELL} /work/workspace/test/5G/TR069/easycwmp/easycwmp-1.8.6/missing autoconf'
AUTOHEADER='${SHELL} /work/workspace/test/5G/TR069/easycwmp/easycwmp-1.8.6/missing autoheader'
AUTOMAKE='${SHELL} /work/workspace/test/5G/TR069/easycwmp/easycwmp-1.8.6/missing automake-1.13'
AWK='gawk'
CC='gcc'
CCDEPMODE='depmode=gcc3'
CFLAGS='-g -O2'
CPP='gcc -E'
CPPFLAGS=''
CYGPATH_W='echo'
DEFS='-DHAVE_CONFIG_H'
DEPDIR='.deps'
ECHO_C=''
ECHO_N='-n'
ECHO_T=''
EGREP='/usr/bin/grep -E'
EXEEXT=''
GREP='/usr/bin/grep'
INSTALL_DATA='${INSTALL} -m 644'
INSTALL_PROGRAM='${INSTALL}'
INSTALL_SCRIPT='${INSTALL}'
INSTALL_STRIP_PROGRAM='$(install_sh) -c -s'
LDFLAGS=''
LIBCURL_CFLAGS=' '
LIBCURL_LDFLAGS=''
LIBCURL_LIBS='-lcurl  '
LIBJSON_LIBS='-ljson'
LIBOBJS=''
LIBS=''
LIBUBOX_CFLAGS=''
LIBUBOX_LDFLAGS=''
LIBUBOX_LIBS='-lubox'
LIBUBUS_CFLAGS=''
LIBUBUS_LDFLAGS=''
LIBUBUS_LIBS='-lubus'
LIBUCI_CFLAGS=''
LIBUCI_LDFLAGS=''
LIBUCI_LIBS='-luci'
LTLIBOBJS=''
MAKEINFO='${SHELL} /work/workspace/test/5G/TR069/easycwmp/easycwmp-1.8.6/missing makeinfo'
MICROXML_CFLAGS='/usr/include/'
MICROXML_LDFLAGS=''
MICROXML_LIBS='/usr/lib64'
MKDIR_P='/usr/bin/mkdir -p'
OBJEXT='o'
PACKAGE='easycwmpd'
PACKAGE_BUGREPORT='mohamed.kallel@pivasoftware.com'
PACKAGE_NAME='easycwmpd'
PACKAGE_STRING='easycwmpd 1.8.6'
PACKAGE_TARNAME='easycwmpd'
PACKAGE_URL=''
PACKAGE_VERSION='1.8.6'
PATH_SEPARATOR=':'
PKG_CONFIG='/usr/bin/pkg-config'
PKG_CONFIG_LIBDIR=''
PKG_CONFIG_PATH='/usr/lib64/mpich/lib/pkgconfig'
SET_MAKE=''
SHELL='/bin/sh'
STRIP=''
VERSION='1.8.6'
ac_ct_CC='gcc'
am__EXEEXT_FALSE=''
am__EXEEXT_TRUE='#'
am__fastdepCC_FALSE='#'
am__fastdepCC_TRUE=''
am__include='include'
am__isrc=''
am__leading_dot='.'
am__nodep='_no'
am__quote=''
am__tar='$${TAR-tar} chof - "$$tardir"'
am__untar='$${TAR-tar} xf -'
bindir='${exec_prefix}/bin'
build_alias=''
datadir='${datarootdir}'
datarootdir='${prefix}/share'
docdir='${datarootdir}/doc/${PACKAGE_TARNAME}'
dvidir='${docdir}'
exec_prefix='${prefix}'
host_alias=''
htmldir='${docdir}'
includedir='${prefix}/include'
infodir='${datarootdir}/info'
install_sh='${SHELL} /work/workspace/test/5G/TR069/easycwmp/easycwmp-1.8.6/install-sh'
libdir='${exec_prefix}/lib'
libexecdir='${exec_prefix}/libexec'
localedir='${datarootdir}/locale'
localstatedir='${prefix}/var'
mandir='${datarootdir}/man'
mkdir_p='$(MKDIR_P)'
oldincludedir='/usr/include'
pdfdir='${docdir}'
prefix='/usr/local'
program_transform_name='s,x,x,'
psdir='${docdir}'
sbindir='${exec_prefix}/sbin'
sharedstatedir='${prefix}/com'
sysconfdir='${prefix}/etc'
target_alias=''

## ----------- ##
## confdefs.h. ##
## ----------- ##

/* confdefs.h */
#define PACKAGE_NAME "easycwmpd"
#define PACKAGE_TARNAME "easycwmpd"
#define PACKAGE_VERSION "1.8.6"
#define PACKAGE_STRING "easycwmpd 1.8.6"
#define PACKAGE_BUGREPORT "mohamed.kallel@pivasoftware.com"
#define PACKAGE_URL ""
#define PACKAGE "easycwmpd"
#define VERSION "1.8.6"
#define PACKAGE "easycwmpd"
#define VERSION "1.8.6"
#define STDC_HEADERS 1
#define HAVE_SYS_TYPES_H 1
#define HAVE_SYS_STAT_H 1
#define HAVE_STDLIB_H 1
#define HAVE_STRING_H 1
#define HAVE_MEMORY_H 1
#define HAVE_STRINGS_H 1
#define HAVE_INTTYPES_H 1
#define HAVE_STDINT_H 1
#define HAVE_UNISTD_H 1
#define HAVE_STDLIB_H 1
#define HAVE_STRING_H 1

configure: exit 1
