This file contains any messages produced by compilers while
running configure, to aid debugging if configure makes a mistake.

It was created by umem configure 1.0.2, which was
generated by GNU Autoconf 2.69.  Invocation command line was

  $ ./configure 

## --------- ##
## Platform. ##
## --------- ##

hostname = localhost.localdomain
uname -m = x86_64
uname -r = 3.10.0-693.el7.x86_64
uname -s = Linux
uname -v = #1 SMP Tue Aug 22 21:09:27 UTC 2017

/usr/bin/uname -p = x86_64
/bin/uname -X     = unknown

/bin/arch              = x86_64
/usr/bin/arch -k       = unknown
/usr/convex/getsysinfo = unknown
/usr/bin/hostinfo      = unknown
/bin/machine           = unknown
/usr/bin/oslevel       = unknown
/bin/universe          = unknown

PATH: /root/perl5/bin
PATH: /usr/lib64/qt-3.3/bin
PATH: /home/rongtao/perl5/bin
PATH: /usr/lib64/mpich/bin
PATH: /usr/local/bin
PATH: /usr/bin
PATH: /usr/local/sbin
PATH: /usr/sbin
PATH: /usr/local/cmake-3.13.0-Linux-x86_64/bin
PATH: /usr/local/node-v10.15.3-linux-x64/bin/
PATH: /usr/local/cwp_su_all_44R14/bin
PATH: /usr/local/cwp_su_all_44R14/bin
PATH: /opt/qtcreator-2.5.0/bin
PATH: /home/rongtao/.local/bin
PATH: /home/rongtao/bin
PATH: /usr/local/cmake-3.13.0-Linux-x86_64/bin
PATH: /work/wangcheng/Zookeeper/apache-zookeeper-3.5.5-bin/bin
PATH: /usr/local/DPDK-stable-18.02.2//usertools
PATH: /opt/jboss-4.2.2.GA/bin


## ----------- ##
## Core tests. ##
## ----------- ##

configure:2251: checking for a BSD-compatible install
configure:2319: result: /usr/bin/install -c
configure:2330: checking whether build environment is sane
configure:2385: result: yes
configure:2536: checking for a thread-safe mkdir -p
configure:2575: result: /usr/bin/mkdir -p
configure:2582: checking for gawk
configure:2598: found /usr/bin/gawk
configure:2609: result: gawk
configure:2620: checking whether make sets $(MAKE)
configure:2642: result: yes
configure:2671: checking whether make supports nested variables
configure:2688: result: yes
configure:2821: checking for gcc
configure:2837: found /usr/bin/gcc
configure:2848: result: gcc
configure:3077: checking for C compiler version
configure:3086: gcc --version >&5
gcc (GCC) 4.8.5 20150623 (Red Hat 4.8.5-36)
Copyright (C) 2015 Free Software Foundation, Inc.
This is free software; see the source for copying conditions.  There is NO
warranty; not even for MERCHANTABILITY or FITNESS FOR A PARTICULAR PURPOSE.

configure:3097: $? = 0
configure:3086: gcc -v >&5
Using built-in specs.
COLLECT_GCC=gcc
COLLECT_LTO_WRAPPER=/usr/libexec/gcc/x86_64-redhat-linux/4.8.5/lto-wrapper
Target: x86_64-redhat-linux
Configured with: ../configure --prefix=/usr --mandir=/usr/share/man --infodir=/usr/share/info --with-bugurl=http://bugzilla.redhat.com/bugzilla --enable-bootstrap --enable-shared --enable-threads=posix --enable-checking=release --with-system-zlib --enable-__cxa_atexit --disable-libunwind-exceptions --enable-gnu-unique-object --enable-linker-build-id --with-linker-hash-style=gnu --enable-languages=c,c++,objc,obj-c++,java,fortran,ada,go,lto --enable-plugin --enable-initfini-array --disable-libgcj --with-isl=/builddir/build/BUILD/gcc-4.8.5-20150702/obj-x86_64-redhat-linux/isl-install --with-cloog=/builddir/build/BUILD/gcc-4.8.5-20150702/obj-x86_64-redhat-linux/cloog-install --enable-gnu-indirect-function --with-tune=generic --with-arch_32=x86-64 --build=x86_64-redhat-linux
Thread model: posix
gcc version 4.8.5 20150623 (Red Hat 4.8.5-36) (GCC) 
configure:3097: $? = 0
configure:3086: gcc -V >&5
gcc: error: unrecognized command line option '-V'
gcc: fatal error: no input files
compilation terminated.
configure:3097: $? = 4
configure:3086: gcc -qversion >&5
gcc: error: unrecognized command line option '-qversion'
gcc: fatal error: no input files
compilation terminated.
configure:3097: $? = 4
configure:3117: checking whether the C compiler works
configure:3139: gcc    conftest.c  >&5
configure:3143: $? = 0
configure:3191: result: yes
configure:3194: checking for C compiler default output file name
configure:3196: result: a.out
configure:3202: checking for suffix of executables
configure:3209: gcc -o conftest    conftest.c  >&5
configure:3213: $? = 0
configure:3235: result: 
configure:3257: checking whether we are cross compiling
configure:3265: gcc -o conftest    conftest.c  >&5
configure:3269: $? = 0
configure:3276: ./conftest
configure:3280: $? = 0
configure:3295: result: no
configure:3300: checking for suffix of object files
configure:3322: gcc -c   conftest.c >&5
configure:3326: $? = 0
configure:3347: result: o
configure:3351: checking whether we are using the GNU C compiler
configure:3370: gcc -c   conftest.c >&5
configure:3370: $? = 0
configure:3379: result: yes
configure:3388: checking whether gcc accepts -g
configure:3408: gcc -c -g  conftest.c >&5
configure:3408: $? = 0
configure:3449: result: yes
configure:3466: checking for gcc option to accept ISO C89
configure:3529: gcc  -c -g -O2  conftest.c >&5
configure:3529: $? = 0
configure:3542: result: none needed
configure:3573: checking for style of include used by make
configure:3601: result: GNU
configure:3627: checking dependency style of gcc
configure:3738: result: gcc3
configure:3762: checking dependency style of gcc
configure:3871: result: gcc3
configure:3915: checking build system type
configure:3929: result: x86_64-unknown-linux-gnu
configure:3949: checking host system type
configure:3962: result: x86_64-unknown-linux-gnu
configure:4003: checking how to print strings
configure:4030: result: printf
configure:4051: checking for a sed that does not truncate output
configure:4115: result: /usr/bin/sed
configure:4133: checking for grep that handles long lines and -e
configure:4191: result: /usr/bin/grep
configure:4196: checking for egrep
configure:4258: result: /usr/bin/grep -E
configure:4263: checking for fgrep
configure:4325: result: /usr/bin/grep -F
configure:4360: checking for ld used by gcc
configure:4427: result: /usr/bin/ld
configure:4434: checking if the linker (/usr/bin/ld) is GNU ld
configure:4449: result: yes
configure:4461: checking for BSD- or MS-compatible name lister (nm)
configure:4510: result: /usr/bin/nm -B
configure:4640: checking the name lister (/usr/bin/nm -B) interface
configure:4647: gcc -c -g -O2  conftest.c >&5
configure:4650: /usr/bin/nm -B "conftest.o"
configure:4653: output
0000000000000000 B some_variable
configure:4660: result: BSD nm
configure:4663: checking whether ln -s works
configure:4667: result: yes
configure:4675: checking the maximum length of command line arguments
configure:4805: result: 1572864
configure:4822: checking whether the shell understands some XSI constructs
configure:4832: result: yes
configure:4836: checking whether the shell understands "+="
configure:4842: result: yes
configure:4877: checking how to convert x86_64-unknown-linux-gnu file names to x86_64-unknown-linux-gnu format
configure:4917: result: func_convert_file_noop
configure:4924: checking how to convert x86_64-unknown-linux-gnu file names to toolchain format
configure:4944: result: func_convert_file_noop
configure:4951: checking for /usr/bin/ld option to reload object files
configure:4958: result: -r
configure:5032: checking for objdump
configure:5048: found /usr/bin/objdump
configure:5059: result: objdump
configure:5091: checking how to recognize dependent libraries
configure:5293: result: pass_all
configure:5378: checking for dlltool
configure:5408: result: no
configure:5438: checking how to associate runtime and link libraries
configure:5465: result: printf %s\n
configure:5526: checking for ar
configure:5542: found /usr/bin/ar
configure:5553: result: ar
configure:5590: checking for archiver @FILE support
configure:5607: gcc -c -g -O2  conftest.c >&5
configure:5607: $? = 0
configure:5610: ar cru libconftest.a @conftest.lst >&5
configure:5613: $? = 0
configure:5618: ar cru libconftest.a @conftest.lst >&5
ar: conftest.o: No such file or directory
configure:5621: $? = 1
configure:5633: result: @
configure:5691: checking for strip
configure:5707: found /usr/bin/strip
configure:5718: result: strip
configure:5790: checking for ranlib
configure:5806: found /usr/bin/ranlib
configure:5817: result: ranlib
configure:5919: checking command to parse /usr/bin/nm -B output from gcc object
configure:6039: gcc -c -g -O2  conftest.c >&5
configure:6042: $? = 0
configure:6046: /usr/bin/nm -B conftest.o \| sed -n -e 's/^.*[ ]\([ABCDGIRSTW][ABCDGIRSTW]*\)[ ][ ]*\([_A-Za-z][_A-Za-z0-9]*\)$/\1 \2 \2/p' | sed '/ __gnu_lto/d' \> conftest.nm
configure:6049: $? = 0
configure:6115: gcc -o conftest -g -O2   conftest.c conftstm.o >&5
configure:6118: $? = 0
configure:6156: result: ok
configure:6193: checking for sysroot
configure:6223: result: no
configure:6300: gcc -c -g -O2  conftest.c >&5
configure:6303: $? = 0
configure:6479: checking for mt
configure:6509: result: no
configure:6529: checking if : is a manifest tool
configure:6535: : '-?'
configure:6543: result: no
configure:7185: checking how to run the C preprocessor
configure:7216: gcc -E  conftest.c
configure:7216: $? = 0
configure:7230: gcc -E  conftest.c
conftest.c:11:28: fatal error: ac_nonexistent.h: No such file or directory
 #include <ac_nonexistent.h>
                            ^
compilation terminated.
configure:7230: $? = 1
configure: failed program was:
| /* confdefs.h */
| #define PACKAGE_NAME "umem"
| #define PACKAGE_TARNAME "umem"
| #define PACKAGE_VERSION "1.0.2"
| #define PACKAGE_STRING "umem 1.0.2"
| #define PACKAGE_BUGREPORT ""
| #define PACKAGE_URL ""
| #define PACKAGE "umem"
| #define VERSION "1.0.2"
| /* end confdefs.h.  */
| #include <ac_nonexistent.h>
configure:7255: result: gcc -E
configure:7275: gcc -E  conftest.c
configure:7275: $? = 0
configure:7289: gcc -E  conftest.c
conftest.c:11:28: fatal error: ac_nonexistent.h: No such file or directory
 #include <ac_nonexistent.h>
                            ^
compilation terminated.
configure:7289: $? = 1
configure: failed program was:
| /* confdefs.h */
| #define PACKAGE_NAME "umem"
| #define PACKAGE_TARNAME "umem"
| #define PACKAGE_VERSION "1.0.2"
| #define PACKAGE_STRING "umem 1.0.2"
| #define PACKAGE_BUGREPORT ""
| #define PACKAGE_URL ""
| #define PACKAGE "umem"
| #define VERSION "1.0.2"
| /* end confdefs.h.  */
| #include <ac_nonexistent.h>
configure:7318: checking for ANSI C header files
configure:7338: gcc -c -g -O2  conftest.c >&5
configure:7338: $? = 0
configure:7411: gcc -o conftest -g -O2   conftest.c  >&5
configure:7411: $? = 0
configure:7411: ./conftest
configure:7411: $? = 0
configure:7422: result: yes
configure:7435: checking for sys/types.h
configure:7435: gcc -c -g -O2  conftest.c >&5
configure:7435: $? = 0
configure:7435: result: yes
configure:7435: checking for sys/stat.h
configure:7435: gcc -c -g -O2  conftest.c >&5
configure:7435: $? = 0
configure:7435: result: yes
configure:7435: checking for stdlib.h
configure:7435: gcc -c -g -O2  conftest.c >&5
configure:7435: $? = 0
configure:7435: result: yes
configure:7435: checking for string.h
configure:7435: gcc -c -g -O2  conftest.c >&5
configure:7435: $? = 0
configure:7435: result: yes
configure:7435: checking for memory.h
configure:7435: gcc -c -g -O2  conftest.c >&5
configure:7435: $? = 0
configure:7435: result: yes
configure:7435: checking for strings.h
configure:7435: gcc -c -g -O2  conftest.c >&5
configure:7435: $? = 0
configure:7435: result: yes
configure:7435: checking for inttypes.h
configure:7435: gcc -c -g -O2  conftest.c >&5
configure:7435: $? = 0
configure:7435: result: yes
configure:7435: checking for stdint.h
configure:7435: gcc -c -g -O2  conftest.c >&5
configure:7435: $? = 0
configure:7435: result: yes
configure:7435: checking for unistd.h
configure:7435: gcc -c -g -O2  conftest.c >&5
configure:7435: $? = 0
configure:7435: result: yes
configure:7449: checking for dlfcn.h
configure:7449: gcc -c -g -O2  conftest.c >&5
configure:7449: $? = 0
configure:7449: result: yes
configure:7655: checking for objdir
configure:7670: result: .libs
configure:7937: checking if gcc supports -fno-rtti -fno-exceptions
configure:7955: gcc -c -g -O2  -fno-rtti -fno-exceptions conftest.c >&5
cc1: warning: command line option '-fno-rtti' is valid for C++/ObjC++ but not for C [enabled by default]
configure:7959: $? = 0
configure:7972: result: no
configure:8299: checking for gcc option to produce PIC
configure:8306: result: -fPIC -DPIC
configure:8314: checking if gcc PIC flag -fPIC -DPIC works
configure:8332: gcc -c -g -O2  -fPIC -DPIC -DPIC conftest.c >&5
configure:8336: $? = 0
configure:8349: result: yes
configure:8378: checking if gcc static flag -static works
configure:8406: result: no
configure:8421: checking if gcc supports -c -o file.o
configure:8442: gcc -c -g -O2  -o out/conftest2.o conftest.c >&5
configure:8446: $? = 0
configure:8468: result: yes
configure:8476: checking if gcc supports -c -o file.o
configure:8523: result: yes
configure:8556: checking whether the gcc linker (/usr/bin/ld -m elf_x86_64) supports shared libraries
configure:9709: result: yes
configure:9746: checking whether -lc should be explicitly linked in
configure:9754: gcc -c -g -O2  conftest.c >&5
configure:9757: $? = 0
configure:9772: gcc -shared  -fPIC -DPIC conftest.o  -v -Wl,-soname -Wl,conftest -o conftest 2\>\&1 \| /usr/bin/grep  -lc  \>/dev/null 2\>\&1
configure:9775: $? = 0
configure:9789: result: no
configure:9949: checking dynamic linker characteristics
configure:10460: gcc -o conftest -g -O2   -Wl,-rpath -Wl,/foo conftest.c  >&5
configure:10460: $? = 0
configure:10686: result: GNU/Linux ld.so
configure:10793: checking how to hardcode library paths into programs
configure:10818: result: immediate
configure:11358: checking whether stripping libraries is possible
configure:11363: result: yes
configure:11398: checking if libtool supports shared libraries
configure:11400: result: yes
configure:11403: checking whether to build shared libraries
configure:11424: result: yes
configure:11427: checking whether to build static libraries
configure:11431: result: yes
configure:11469: checking for inline
configure:11485: gcc -c -g -O2  conftest.c >&5
configure:11485: $? = 0
configure:11493: result: inline
configure:11512: checking whether pthread_mutex_t is larger than 24 bytes
configure:11527: gcc -o conftest -g -O2   conftest.c  >&5
configure:11527: $? = 0
configure:11527: ./conftest
configure:11527: $? = 1
configure: program exited with status 1
configure: failed program was:
| /* confdefs.h */
| #define PACKAGE_NAME "umem"
| #define PACKAGE_TARNAME "umem"
| #define PACKAGE_VERSION "1.0.2"
| #define PACKAGE_STRING "umem 1.0.2"
| #define PACKAGE_BUGREPORT ""
| #define PACKAGE_URL ""
| #define PACKAGE "umem"
| #define VERSION "1.0.2"
| #define STDC_HEADERS 1
| #define HAVE_SYS_TYPES_H 1
| #define HAVE_SYS_STAT_H 1
| #define HAVE_STDLIB_H 1
| #define HAVE_STRING_H 1
| #define HAVE_MEMORY_H 1
| #define HAVE_STRINGS_H 1
| #define HAVE_INTTYPES_H 1
| #define HAVE_STDINT_H 1
| #define HAVE_UNISTD_H 1
| #define HAVE_DLFCN_H 1
| #define LT_OBJDIR ".libs/"
| /* end confdefs.h.  */
| 
| #include <pthread.h>
| int main(void){return (sizeof(pthread_mutex_t) > 24);}
| 
configure:11532: result: no
configure:11537: WARNING: *** increasing umem cpu cache size to compensate.
configure:11547: checking for dlopen in -ldl
configure:11572: gcc -o conftest -g -O2   conftest.c -ldl   >&5
configure:11572: $? = 0
configure:11581: result: yes
configure:11596: checking sys/mman.h usability
configure:11596: gcc -c -g -O2  conftest.c >&5
configure:11596: $? = 0
configure:11596: result: yes
configure:11596: checking sys/mman.h presence
configure:11596: gcc -E  conftest.c
configure:11596: $? = 0
configure:11596: result: yes
configure:11596: checking for sys/mman.h
configure:11596: result: yes
configure:11596: checking sys/sysmacros.h usability
configure:11596: gcc -c -g -O2  conftest.c >&5
configure:11596: $? = 0
configure:11596: result: yes
configure:11596: checking sys/sysmacros.h presence
configure:11596: gcc -E  conftest.c
configure:11596: $? = 0
configure:11596: result: yes
configure:11596: checking for sys/sysmacros.h
configure:11596: result: yes
configure:11596: checking sys/time.h usability
configure:11596: gcc -c -g -O2  conftest.c >&5
configure:11596: $? = 0
configure:11596: result: yes
configure:11596: checking sys/time.h presence
configure:11596: gcc -E  conftest.c
configure:11596: $? = 0
configure:11596: result: yes
configure:11596: checking for sys/time.h
configure:11596: result: yes
configure:11596: checking malloc.h usability
configure:11596: gcc -c -g -O2  conftest.c >&5
configure:11596: $? = 0
configure:11596: result: yes
configure:11596: checking malloc.h presence
configure:11596: gcc -E  conftest.c
configure:11596: $? = 0
configure:11596: result: yes
configure:11596: checking for malloc.h
configure:11596: result: yes
configure:11609: checking for issetugid
configure:11609: gcc -o conftest -g -O2   conftest.c -ldl  >&5
/tmp/ccvOIhTe.o: In function `main':
/home/rongtao/test/slab/libumem-master/conftest.c:63: undefined reference to `issetugid'
collect2: error: ld returned 1 exit status
configure:11609: $? = 1
configure: failed program was:
| /* confdefs.h */
| #define PACKAGE_NAME "umem"
| #define PACKAGE_TARNAME "umem"
| #define PACKAGE_VERSION "1.0.2"
| #define PACKAGE_STRING "umem 1.0.2"
| #define PACKAGE_BUGREPORT ""
| #define PACKAGE_URL ""
| #define PACKAGE "umem"
| #define VERSION "1.0.2"
| #define STDC_HEADERS 1
| #define HAVE_SYS_TYPES_H 1
| #define HAVE_SYS_STAT_H 1
| #define HAVE_STDLIB_H 1
| #define HAVE_STRING_H 1
| #define HAVE_MEMORY_H 1
| #define HAVE_STRINGS_H 1
| #define HAVE_INTTYPES_H 1
| #define HAVE_STDINT_H 1
| #define HAVE_UNISTD_H 1
| #define HAVE_DLFCN_H 1
| #define LT_OBJDIR ".libs/"
| #define UMEM_PTHREAD_MUTEX_TOO_BIG 1
| #define HAVE_LIBDL 1
| #define HAVE_SYS_MMAN_H 1
| #define HAVE_SYS_SYSMACROS_H 1
| #define HAVE_SYS_TIME_H 1
| #define HAVE_MALLOC_H 1
| /* end confdefs.h.  */
| /* Define issetugid to an innocuous variant, in case <limits.h> declares issetugid.
|    For example, HP-UX 11i <limits.h> declares gettimeofday.  */
| #define issetugid innocuous_issetugid
| 
| /* System header to define __stub macros and hopefully few prototypes,
|     which can conflict with char issetugid (); below.
|     Prefer <limits.h> to <assert.h> if __STDC__ is defined, since
|     <limits.h> exists even on freestanding compilers.  */
| 
| #ifdef __STDC__
| # include <limits.h>
| #else
| # include <assert.h>
| #endif
| 
| #undef issetugid
| 
| /* Override any GCC internal prototype to avoid an error.
|    Use char because int might match the return type of a GCC
|    builtin and then its argument prototype would still apply.  */
| #ifdef __cplusplus
| extern "C"
| #endif
| char issetugid ();
| /* The GNU C library defines this for functions which it implements
|     to always fail with ENOSYS.  Some functions are actually named
|     something starting with __ and the normal name is an alias.  */
| #if defined __stub_issetugid || defined __stub___issetugid
| choke me
| #endif
| 
| int
| main ()
| {
| return issetugid ();
|   ;
|   return 0;
| }
configure:11609: result: no
configure:11609: checking for mallinfo
configure:11609: gcc -o conftest -g -O2   conftest.c -ldl  >&5
configure:11609: $? = 0
configure:11609: result: yes
configure:11609: checking for malloc_stats
configure:11609: gcc -o conftest -g -O2   conftest.c -ldl  >&5
configure:11609: $? = 0
configure:11609: result: yes
configure:11733: checking that generated files are newer than configure
configure:11739: result: done
configure:11766: creating ./config.status

## ---------------------- ##
## Running config.status. ##
## ---------------------- ##

This file was extended by umem config.status 1.0.2, which was
generated by GNU Autoconf 2.69.  Invocation command line was

  CONFIG_FILES    = 
  CONFIG_HEADERS  = 
  CONFIG_LINKS    = 
  CONFIG_COMMANDS = 
  $ ./config.status 

on localhost.localdomain

config.status:1095: creating Makefile
config.status:1095: creating Doxyfile
config.status:1095: creating umem.spec
config.status:1095: creating config.h
config.status:1324: executing depfiles commands
config.status:1324: executing libtool commands

## ---------------- ##
## Cache variables. ##
## ---------------- ##

ac_cv_build=x86_64-unknown-linux-gnu
ac_cv_c_compiler_gnu=yes
ac_cv_c_inline=inline
ac_cv_env_CCASFLAGS_set=
ac_cv_env_CCASFLAGS_value=
ac_cv_env_CCAS_set=
ac_cv_env_CCAS_value=
ac_cv_env_CC_set=
ac_cv_env_CC_value=
ac_cv_env_CFLAGS_set=
ac_cv_env_CFLAGS_value=
ac_cv_env_CPPFLAGS_set=
ac_cv_env_CPPFLAGS_value=
ac_cv_env_CPP_set=
ac_cv_env_CPP_value=
ac_cv_env_LDFLAGS_set=
ac_cv_env_LDFLAGS_value=
ac_cv_env_LIBS_set=
ac_cv_env_LIBS_value=
ac_cv_env_build_alias_set=
ac_cv_env_build_alias_value=
ac_cv_env_host_alias_set=
ac_cv_env_host_alias_value=
ac_cv_env_target_alias_set=
ac_cv_env_target_alias_value=
ac_cv_func_issetugid=no
ac_cv_func_mallinfo=yes
ac_cv_func_malloc_stats=yes
ac_cv_header_dlfcn_h=yes
ac_cv_header_inttypes_h=yes
ac_cv_header_malloc_h=yes
ac_cv_header_memory_h=yes
ac_cv_header_stdc=yes
ac_cv_header_stdint_h=yes
ac_cv_header_stdlib_h=yes
ac_cv_header_string_h=yes
ac_cv_header_strings_h=yes
ac_cv_header_sys_mman_h=yes
ac_cv_header_sys_stat_h=yes
ac_cv_header_sys_sysmacros_h=yes
ac_cv_header_sys_time_h=yes
ac_cv_header_sys_types_h=yes
ac_cv_header_unistd_h=yes
ac_cv_host=x86_64-unknown-linux-gnu
ac_cv_lib_dl_dlopen=yes
ac_cv_objext=o
ac_cv_path_EGREP='/usr/bin/grep -E'
ac_cv_path_FGREP='/usr/bin/grep -F'
ac_cv_path_GREP=/usr/bin/grep
ac_cv_path_SED=/usr/bin/sed
ac_cv_path_install='/usr/bin/install -c'
ac_cv_path_mkdir=/usr/bin/mkdir
ac_cv_prog_AWK=gawk
ac_cv_prog_CPP='gcc -E'
ac_cv_prog_ac_ct_AR=ar
ac_cv_prog_ac_ct_CC=gcc
ac_cv_prog_ac_ct_OBJDUMP=objdump
ac_cv_prog_ac_ct_RANLIB=ranlib
ac_cv_prog_ac_ct_STRIP=strip
ac_cv_prog_cc_c89=
ac_cv_prog_cc_g=yes
ac_cv_prog_make_make_set=yes
am_cv_CCAS_dependencies_compiler_type=gcc3
am_cv_CC_dependencies_compiler_type=gcc3
am_cv_make_support_nested_variables=yes
lt_cv_ar_at_file=@
lt_cv_archive_cmds_need_lc=no
lt_cv_deplibs_check_method=pass_all
lt_cv_file_magic_cmd='$MAGIC_CMD'
lt_cv_file_magic_test_file=
lt_cv_ld_reload_flag=-r
lt_cv_nm_interface='BSD nm'
lt_cv_objdir=.libs
lt_cv_path_LD=/usr/bin/ld
lt_cv_path_NM='/usr/bin/nm -B'
lt_cv_path_mainfest_tool=no
lt_cv_prog_compiler_c_o=yes
lt_cv_prog_compiler_pic='-fPIC -DPIC'
lt_cv_prog_compiler_pic_works=yes
lt_cv_prog_compiler_rtti_exceptions=no
lt_cv_prog_compiler_static_works=no
lt_cv_prog_gnu_ld=yes
lt_cv_sharedlib_from_linklib_cmd='printf %s\n'
lt_cv_shlibpath_overrides_runpath=no
lt_cv_sys_global_symbol_pipe='sed -n -e '\''s/^.*[	 ]\([ABCDGIRSTW][ABCDGIRSTW]*\)[	 ][	 ]*\([_A-Za-z][_A-Za-z0-9]*\)$/\1 \2 \2/p'\'' | sed '\''/ __gnu_lto/d'\'''
lt_cv_sys_global_symbol_to_c_name_address='sed -n -e '\''s/^: \([^ ]*\)[ ]*$/  {\"\1\", (void *) 0},/p'\'' -e '\''s/^[ABCDGIRSTW]* \([^ ]*\) \([^ ]*\)$/  {"\2", (void *) \&\2},/p'\'''
lt_cv_sys_global_symbol_to_c_name_address_lib_prefix='sed -n -e '\''s/^: \([^ ]*\)[ ]*$/  {\"\1\", (void *) 0},/p'\'' -e '\''s/^[ABCDGIRSTW]* \([^ ]*\) \(lib[^ ]*\)$/  {"\2", (void *) \&\2},/p'\'' -e '\''s/^[ABCDGIRSTW]* \([^ ]*\) \([^ ]*\)$/  {"lib\2", (void *) \&\2},/p'\'''
lt_cv_sys_global_symbol_to_cdecl='sed -n -e '\''s/^T .* \(.*\)$/extern int \1();/p'\'' -e '\''s/^[ABCDGIRSTW]* .* \(.*\)$/extern char \1;/p'\'''
lt_cv_sys_max_cmd_len=1572864
lt_cv_to_host_file_cmd=func_convert_file_noop
lt_cv_to_tool_file_cmd=func_convert_file_noop

## ----------------- ##
## Output variables. ##
## ----------------- ##

ACLOCAL='${SHELL} /home/rongtao/test/slab/libumem-master/missing aclocal-1.13'
AMDEPBACKSLASH='\'
AMDEP_FALSE='#'
AMDEP_TRUE=''
AMTAR='$${TAR-tar}'
AM_BACKSLASH='\'
AM_DEFAULT_V='$(AM_DEFAULT_VERBOSITY)'
AM_DEFAULT_VERBOSITY='1'
AM_V='$(V)'
AR='ar'
AUTOCONF='${SHELL} /home/rongtao/test/slab/libumem-master/missing autoconf'
AUTOHEADER='${SHELL} /home/rongtao/test/slab/libumem-master/missing autoheader'
AUTOMAKE='${SHELL} /home/rongtao/test/slab/libumem-master/missing automake-1.13'
AWK='gawk'
CC='gcc'
CCAS='gcc'
CCASDEPMODE='depmode=gcc3'
CCASFLAGS='-g -O2'
CCDEPMODE='depmode=gcc3'
CFLAGS='-g -O2'
CPP='gcc -E'
CPPFLAGS=''
CYGPATH_W='echo'
DEFS='-DHAVE_CONFIG_H'
DEPDIR='.deps'
DLLTOOL='false'
DSYMUTIL=''
DUMPBIN=''
ECHO_C=''
ECHO_N='-n'
ECHO_T=''
EGREP='/usr/bin/grep -E'
EXEEXT=''
FGREP='/usr/bin/grep -F'
GREP='/usr/bin/grep'
INSTALL_DATA='${INSTALL} -m 644'
INSTALL_PROGRAM='${INSTALL}'
INSTALL_SCRIPT='${INSTALL}'
INSTALL_STRIP_PROGRAM='$(install_sh) -c -s'
LD='/usr/bin/ld -m elf_x86_64'
LDFLAGS=''
LIBOBJS=''
LIBS='-ldl '
LIBTOOL='$(SHELL) $(top_builddir)/libtool'
LIPO=''
LN_S='ln -s'
LTLIBOBJS=''
MAKEINFO='${SHELL} /home/rongtao/test/slab/libumem-master/missing makeinfo'
MANIFEST_TOOL=':'
MKDIR_P='/usr/bin/mkdir -p'
NM='/usr/bin/nm -B'
NMEDIT=''
OBJDUMP='objdump'
OBJEXT='o'
OTOOL64=''
OTOOL=''
PACKAGE='umem'
PACKAGE_BUGREPORT=''
PACKAGE_NAME='umem'
PACKAGE_STRING='umem 1.0.2'
PACKAGE_TARNAME='umem'
PACKAGE_URL=''
PACKAGE_VERSION='1.0.2'
PATH_SEPARATOR=':'
RANLIB='ranlib'
SED='/usr/bin/sed'
SET_MAKE=''
SHELL='/bin/sh'
STRIP='strip'
VERSION='1.0.2'
ac_ct_AR='ar'
ac_ct_CC='gcc'
ac_ct_DUMPBIN=''
am__EXEEXT_FALSE=''
am__EXEEXT_TRUE='#'
am__fastdepCCAS_FALSE='#'
am__fastdepCCAS_TRUE=''
am__fastdepCC_FALSE='#'
am__fastdepCC_TRUE=''
am__include='include'
am__isrc=''
am__leading_dot='.'
am__nodep='_no'
am__quote=''
am__tar='$${TAR-tar} chof - "$$tardir"'
am__untar='$${TAR-tar} xf -'
bindir='${exec_prefix}/bin'
build='x86_64-unknown-linux-gnu'
build_alias=''
build_cpu='x86_64'
build_os='linux-gnu'
build_vendor='unknown'
datadir='${datarootdir}'
datarootdir='${prefix}/share'
docdir='${datarootdir}/doc/${PACKAGE_TARNAME}'
dvidir='${docdir}'
exec_prefix='${prefix}'
host='x86_64-unknown-linux-gnu'
host_alias=''
host_cpu='x86_64'
host_os='linux-gnu'
host_vendor='unknown'
htmldir='${docdir}'
includedir='${prefix}/include'
infodir='${datarootdir}/info'
install_sh='${SHELL} /home/rongtao/test/slab/libumem-master/install-sh'
libdir='${exec_prefix}/lib'
libexecdir='${exec_prefix}/libexec'
localedir='${datarootdir}/locale'
localstatedir='${prefix}/var'
mandir='${datarootdir}/man'
mkdir_p='$(MKDIR_P)'
oldincludedir='/usr/include'
pdfdir='${docdir}'
prefix='/usr/local'
program_transform_name='s,x,x,'
psdir='${docdir}'
sbindir='${exec_prefix}/sbin'
sharedstatedir='${prefix}/com'
sysconfdir='${prefix}/etc'
target_alias=''

## ----------- ##
## confdefs.h. ##
## ----------- ##

/* confdefs.h */
#define PACKAGE_NAME "umem"
#define PACKAGE_TARNAME "umem"
#define PACKAGE_VERSION "1.0.2"
#define PACKAGE_STRING "umem 1.0.2"
#define PACKAGE_BUGREPORT ""
#define PACKAGE_URL ""
#define PACKAGE "umem"
#define VERSION "1.0.2"
#define STDC_HEADERS 1
#define HAVE_SYS_TYPES_H 1
#define HAVE_SYS_STAT_H 1
#define HAVE_STDLIB_H 1
#define HAVE_STRING_H 1
#define HAVE_MEMORY_H 1
#define HAVE_STRINGS_H 1
#define HAVE_INTTYPES_H 1
#define HAVE_STDINT_H 1
#define HAVE_UNISTD_H 1
#define HAVE_DLFCN_H 1
#define LT_OBJDIR ".libs/"
#define UMEM_PTHREAD_MUTEX_TOO_BIG 1
#define HAVE_LIBDL 1
#define HAVE_SYS_MMAN_H 1
#define HAVE_SYS_SYSMACROS_H 1
#define HAVE_SYS_TIME_H 1
#define HAVE_MALLOC_H 1
#define HAVE_MALLINFO 1
#define HAVE_MALLOC_STATS 1

configure: exit 0
